[debug] [2019-07-22T19:39:11.940Z] ----------------------------------------------------------------------
[debug] [2019-07-22T19:39:11.942Z] Command:       /usr/local/bin/node /usr/local/bin/firebase init
[debug] [2019-07-22T19:39:11.942Z] CLI Version:   7.1.1
[debug] [2019-07-22T19:39:11.943Z] Platform:      linux
[debug] [2019-07-22T19:39:11.943Z] Node Version:  v10.16.0
[debug] [2019-07-22T19:39:11.947Z] Time:          Mon Jul 22 2019 14:39:11 GMT-0500 (GMT-05:00)
[debug] [2019-07-22T19:39:11.947Z] ----------------------------------------------------------------------
[debug] 
[debug] [2019-07-22T19:39:11.959Z] > command requires scopes: ["email","openid","https://www.googleapis.com/auth/cloudplatformprojects.readonly","https://www.googleapis.com/auth/firebase","https://www.googleapis.com/auth/cloud-platform"]
[debug] [2019-07-22T19:39:11.959Z] > authorizing via signed-in user
[info] 
     ######## #### ########  ######## ########     ###     ######  ########
     ##        ##  ##     ## ##       ##     ##  ##   ##  ##       ##
     ######    ##  ########  ######   ########  #########  ######  ######
     ##        ##  ##    ##  ##       ##     ## ##     ##       ## ##
     ##       #### ##     ## ######## ########  ##     ##  ######  ########

You're about to initialize a Firebase project in this directory:

  /home/laboratoria-169/Documentos/Laboratoria/GDL003-social-network

Before we get started, keep in mind:

  * You are initializing in an existing Firebase project directory

[debug] [2019-07-22T22:55:18.739Z] TypeError: Cannot read property 'setRawMode' of null
    at ReadStream.setRawMode (tty.js:69:28)
    at Interface._setRawMode (readline.js:269:16)
    at Interface.close (readline.js:394:10)
    at ReadStream.ontermend (readline.js:180:10)
    at ReadStream.emit (events.js:203:15)
    at ReadStream.EventEmitter.emit (domain.js:448:20)
    at endReadableNT (_stream_readable.js:1129:12)
    at process._tickCallback (internal/process/next_tick.js:63:19)
